 rental_id 
-----------
         8
        15
        58
       125
       301
       364
       418
       490
       524
       672
       684
       775
       824
       846
      1016
      1033
      1067
      1093
      1107
      1253
      1275
      1427
      1553
      1626
      1657
      1703
      1721
      1762
      1824
      1873
      1887
      1935
      1988
      2012
      2022
      2030
      2050
      2110
      2115
      2122
      2208
      2230
      2233
      2421
      2474
      2576
      2587
      2670
      2722
      2848
      2934
      3027
      3045
      3052
      3058
      3071
      3088
      3288
      3341
      3355
      3376
      3401
      3405
      3410
      3414
      3450
      3475
      3646
      3733
      3783
      3809
      3811
      3817
      3855
      3897
      3909
      3928
      3956
      4013
      4046
      4100
      4145
      4229
      4231
      4324
      4347
      4349
      4364
      4373
      4402
      4518
      4589
      4607
      4642
      4644
      4858
      4901
      4908
      4922
      5062
      5150
      5212
      5309
      5324
      5338
      5345
      5354
      5373
      5454
      5476
      5504
      5581
      5585
      5599
      5601
      5776
      5815
      5830
      5846
      5932
      5971
      5973
      5989
      5993
      6135
      6139
      6191
      6261
      6310
      6312
      6389
      6454
      6459
      6463
      6534
      6536
      6583
      6632
      6700
      6701
      6738
      6999
      7006
      7057
      7093
      7113
      7124
      7126
      7238
      7259
      7306
      7404
      7412
      7513
      7526
      7586
      7663
      7714
      7733
      7748
      7787
      7857
      7868
      7972
      8025
      8083
      8207
      8210
      8298
      8327
      8376
      8410
      8464
      8494
      8612
      8695
      8770
      8789
      8797
      8823
      8831
      8884
      8897
      8907
      8989
      9008
      9117
      9172
      9185
      9215
      9230
      9268
      9314
      9343
      9375
      9409
      9516
      9678
      9780
      9831
      9880
      9915
      9939
      9969
     10001
     10014
     10099
     10217
     10221
     10261
     10310
     10313
     10347
     10436
     10437
     10443
     10444
     10447
     10457
     10469
     10475
     10603
     10619
     10620
     10674
     10694
     10717
     10724
     10783
     10887
     10992
     11154
     11183
     11244
     11306
     11337
     11465
     11481
     11618
     11716
     11758
     11780
     11827
     11845
     11852
     11867
     11903
     11947
     11988
     11991
     11994
     12077
     12121
     12192
     12272
     12345
     12374
     12382
     12510
     12536
     12567
     12580
     12588
     12615
     12680
     12708
     12727
     12736
     12776
     12793
     12812
     12934
     12954
     12989
     13063
     13115
     13117
     13176
     13350
     13403
     13421
     13467
     13478
     13489
     13594
     13728
     14006
     14014
     14137
     14154
     14249
     14283
     14295
     14299
     14306
     14370
     14379
     14450
     14497
     14501
     14577
     14614
     14684
     14712
     14722
     14735
     14739
     14789
     14833
     14882
     14927
     15009
     15019
     15176
     15184
     15218
     15241
     15274
     15493
     15510
     15518
     15630
     15668
     15751
     15760
     15787
     15788
     15824
     15949
     15965
     15974
     16009
     16029
     16040
(334 filas)

